{"C:\\FullStackMoocCourse\\Osa5\\bloglist-frontend\\src\\App.js": {"path":"C:\\FullStackMoocCourse\\Osa5\\bloglist-frontend\\src\\App.js","statementMap":{"0":{"start":{"line":12,"column":16},"end":{"line":20,"column":1}},"1":{"start":{"line":13,"column":2},"end":{"line":19,"column":4}},"2":{"start":{"line":14,"column":4},"end":{"line":18,"column":5}},"3":{"start":{"line":15,"column":6},"end":{"line":15,"column":14}},"4":{"start":{"line":17,"column":6},"end":{"line":17,"column":15}},"5":{"start":{"line":24,"column":12},"end":{"line":191,"column":1}},"6":{"start":{"line":25,"column":28},"end":{"line":25,"column":40}},"7":{"start":{"line":26,"column":32},"end":{"line":26,"column":46}},"8":{"start":{"line":27,"column":32},"end":{"line":27,"column":46}},"9":{"start":{"line":28,"column":26},"end":{"line":28,"column":40}},"10":{"start":{"line":29,"column":22},"end":{"line":29,"column":39}},"11":{"start":{"line":33,"column":2},"end":{"line":41,"column":8}},"12":{"start":{"line":34,"column":4},"end":{"line":40,"column":8}},"13":{"start":{"line":38,"column":8},"end":{"line":38,"column":29}},"14":{"start":{"line":39,"column":8},"end":{"line":39,"column":30}},"15":{"start":{"line":43,"column":2},"end":{"line":50,"column":8}},"16":{"start":{"line":44,"column":27},"end":{"line":44,"column":75}},"17":{"start":{"line":45,"column":4},"end":{"line":49,"column":5}},"18":{"start":{"line":46,"column":19},"end":{"line":46,"column":45}},"19":{"start":{"line":47,"column":6},"end":{"line":47,"column":19}},"20":{"start":{"line":48,"column":6},"end":{"line":48,"column":38}},"21":{"start":{"line":53,"column":25},"end":{"line":58,"column":3}},"22":{"start":{"line":54,"column":18},"end":{"line":54,"column":36}},"23":{"start":{"line":55,"column":4},"end":{"line":57,"column":15}},"24":{"start":{"line":56,"column":6},"end":{"line":56,"column":22}},"25":{"start":{"line":60,"column":21},"end":{"line":77,"column":3}},"26":{"start":{"line":61,"column":18},"end":{"line":61,"column":85}},"27":{"start":{"line":62,"column":4},"end":{"line":75,"column":5}},"28":{"start":{"line":63,"column":6},"end":{"line":74,"column":7}},"29":{"start":{"line":64,"column":8},"end":{"line":64,"column":41}},"30":{"start":{"line":65,"column":31},"end":{"line":65,"column":57}},"31":{"start":{"line":66,"column":8},"end":{"line":66,"column":33}},"32":{"start":{"line":67,"column":8},"end":{"line":67,"column":34}},"33":{"start":{"line":68,"column":8},"end":{"line":68,"column":106}},"34":{"start":{"line":69,"column":8},"end":{"line":69,"column":29}},"35":{"start":{"line":71,"column":8},"end":{"line":71,"column":28}},"36":{"start":{"line":72,"column":8},"end":{"line":72,"column":30}},"37":{"start":{"line":73,"column":8},"end":{"line":73,"column":24}},"38":{"start":{"line":76,"column":4},"end":{"line":76,"column":10}},"39":{"start":{"line":79,"column":23},"end":{"line":95,"column":3}},"40":{"start":{"line":80,"column":17},"end":{"line":80,"column":45}},"41":{"start":{"line":80,"column":33},"end":{"line":80,"column":44}},"42":{"start":{"line":81,"column":24},"end":{"line":81,"column":58}},"43":{"start":{"line":82,"column":4},"end":{"line":82,"column":43}},"44":{"start":{"line":84,"column":4},"end":{"line":94,"column":8}},"45":{"start":{"line":87,"column":8},"end":{"line":87,"column":73}},"46":{"start":{"line":87,"column":35},"end":{"line":87,"column":71}},"47":{"start":{"line":90,"column":8},"end":{"line":92,"column":9}},"48":{"start":{"line":93,"column":8},"end":{"line":93,"column":24}},"49":{"start":{"line":115,"column":22},"end":{"line":133,"column":3}},"50":{"start":{"line":116,"column":4},"end":{"line":132,"column":5}},"51":{"start":{"line":117,"column":19},"end":{"line":119,"column":8}},"52":{"start":{"line":121,"column":6},"end":{"line":123,"column":7}},"53":{"start":{"line":125,"column":6},"end":{"line":125,"column":38}},"54":{"start":{"line":126,"column":6},"end":{"line":126,"column":19}},"55":{"start":{"line":129,"column":6},"end":{"line":129,"column":37}},"56":{"start":{"line":131,"column":6},"end":{"line":131,"column":22}},"57":{"start":{"line":135,"column":21},"end":{"line":148,"column":3}},"58":{"start":{"line":136,"column":4},"end":{"line":136,"column":42}},"59":{"start":{"line":137,"column":4},"end":{"line":147,"column":9}},"60":{"start":{"line":140,"column":8},"end":{"line":140,"column":44}},"61":{"start":{"line":141,"column":8},"end":{"line":141,"column":38}},"62":{"start":{"line":143,"column":8},"end":{"line":145,"column":9}},"63":{"start":{"line":150,"column":22},"end":{"line":150,"column":78}},"64":{"start":{"line":150,"column":61},"end":{"line":150,"column":77}},"65":{"start":{"line":152,"column":2},"end":{"line":190,"column":3}},"66":{"start":{"line":170,"column":31},"end":{"line":170,"column":51}},"67":{"start":{"line":176,"column":10},"end":{"line":183,"column":12}}},"fnMap":{"0":{"name":"(anonymous_0)","decl":{"start":{"line":12,"column":16},"end":{"line":12,"column":17}},"loc":{"start":{"line":12,"column":25},"end":{"line":20,"column":1}},"line":12},"1":{"name":"(anonymous_1)","decl":{"start":{"line":13,"column":11},"end":{"line":13,"column":12}},"loc":{"start":{"line":13,"column":21},"end":{"line":19,"column":3}},"line":13},"2":{"name":"(anonymous_2)","decl":{"start":{"line":24,"column":12},"end":{"line":24,"column":13}},"loc":{"start":{"line":24,"column":18},"end":{"line":191,"column":1}},"line":24},"3":{"name":"(anonymous_3)","decl":{"start":{"line":33,"column":12},"end":{"line":33,"column":13}},"loc":{"start":{"line":33,"column":18},"end":{"line":41,"column":3}},"line":33},"4":{"name":"(anonymous_4)","decl":{"start":{"line":36,"column":12},"end":{"line":36,"column":13}},"loc":{"start":{"line":36,"column":28},"end":{"line":40,"column":7}},"line":36},"5":{"name":"(anonymous_5)","decl":{"start":{"line":43,"column":12},"end":{"line":43,"column":13}},"loc":{"start":{"line":43,"column":18},"end":{"line":50,"column":3}},"line":43},"6":{"name":"(anonymous_6)","decl":{"start":{"line":53,"column":25},"end":{"line":53,"column":26}},"loc":{"start":{"line":53,"column":35},"end":{"line":58,"column":3}},"line":53},"7":{"name":"(anonymous_7)","decl":{"start":{"line":55,"column":15},"end":{"line":55,"column":16}},"loc":{"start":{"line":55,"column":21},"end":{"line":57,"column":5}},"line":55},"8":{"name":"(anonymous_8)","decl":{"start":{"line":60,"column":21},"end":{"line":60,"column":22}},"loc":{"start":{"line":60,"column":37},"end":{"line":77,"column":3}},"line":60},"9":{"name":"(anonymous_9)","decl":{"start":{"line":79,"column":23},"end":{"line":79,"column":24}},"loc":{"start":{"line":79,"column":31},"end":{"line":95,"column":3}},"line":79},"10":{"name":"(anonymous_10)","decl":{"start":{"line":80,"column":28},"end":{"line":80,"column":29}},"loc":{"start":{"line":80,"column":33},"end":{"line":80,"column":44}},"line":80},"11":{"name":"(anonymous_11)","decl":{"start":{"line":86,"column":12},"end":{"line":86,"column":13}},"loc":{"start":{"line":86,"column":28},"end":{"line":88,"column":7}},"line":86},"12":{"name":"(anonymous_12)","decl":{"start":{"line":87,"column":27},"end":{"line":87,"column":28}},"loc":{"start":{"line":87,"column":35},"end":{"line":87,"column":71}},"line":87},"13":{"name":"(anonymous_13)","decl":{"start":{"line":89,"column":13},"end":{"line":89,"column":14}},"loc":{"start":{"line":89,"column":22},"end":{"line":94,"column":7}},"line":89},"14":{"name":"(anonymous_14)","decl":{"start":{"line":115,"column":22},"end":{"line":115,"column":23}},"loc":{"start":{"line":115,"column":52},"end":{"line":133,"column":3}},"line":115},"15":{"name":"(anonymous_15)","decl":{"start":{"line":135,"column":21},"end":{"line":135,"column":22}},"loc":{"start":{"line":135,"column":37},"end":{"line":148,"column":3}},"line":135},"16":{"name":"(anonymous_16)","decl":{"start":{"line":139,"column":12},"end":{"line":139,"column":13}},"loc":{"start":{"line":139,"column":28},"end":{"line":142,"column":7}},"line":139},"17":{"name":"(anonymous_17)","decl":{"start":{"line":142,"column":15},"end":{"line":142,"column":16}},"loc":{"start":{"line":143,"column":8},"end":{"line":145,"column":9}},"line":143},"18":{"name":"(anonymous_18)","decl":{"start":{"line":150,"column":53},"end":{"line":150,"column":54}},"loc":{"start":{"line":150,"column":61},"end":{"line":150,"column":77}},"line":150},"19":{"name":"(anonymous_19)","decl":{"start":{"line":170,"column":25},"end":{"line":170,"column":26}},"loc":{"start":{"line":170,"column":31},"end":{"line":170,"column":51}},"line":170},"20":{"name":"(anonymous_20)","decl":{"start":{"line":175,"column":25},"end":{"line":175,"column":26}},"loc":{"start":{"line":176,"column":10},"end":{"line":183,"column":12}},"line":176}},"branchMap":{"0":{"loc":{"start":{"line":14,"column":4},"end":{"line":18,"column":5}},"type":"if","locations":[{"start":{"line":14,"column":4},"end":{"line":18,"column":5}},{"start":{"line":14,"column":4},"end":{"line":18,"column":5}}],"line":14},"1":{"loc":{"start":{"line":45,"column":4},"end":{"line":49,"column":5}},"type":"if","locations":[{"start":{"line":45,"column":4},"end":{"line":49,"column":5}},{"start":{"line":45,"column":4},"end":{"line":49,"column":5}}],"line":45},"2":{"loc":{"start":{"line":54,"column":18},"end":{"line":54,"column":36}},"type":"cond-expr","locations":[{"start":{"line":54,"column":25},"end":{"line":54,"column":29}},{"start":{"line":54,"column":32},"end":{"line":54,"column":36}}],"line":54},"3":{"loc":{"start":{"line":62,"column":4},"end":{"line":75,"column":5}},"type":"if","locations":[{"start":{"line":62,"column":4},"end":{"line":75,"column":5}},{"start":{"line":62,"column":4},"end":{"line":75,"column":5}}],"line":62},"4":{"loc":{"start":{"line":87,"column":35},"end":{"line":87,"column":71}},"type":"cond-expr","locations":[{"start":{"line":87,"column":52},"end":{"line":87,"column":56}},{"start":{"line":87,"column":59},"end":{"line":87,"column":71}}],"line":87},"5":{"loc":{"start":{"line":150,"column":22},"end":{"line":150,"column":78}},"type":"cond-expr","locations":[{"start":{"line":150,"column":32},"end":{"line":150,"column":37}},{"start":{"line":150,"column":40},"end":{"line":150,"column":78}}],"line":150},"6":{"loc":{"start":{"line":171,"column":16},"end":{"line":171,"column":67}},"type":"cond-expr","locations":[{"start":{"line":171,"column":26},"end":{"line":171,"column":59}},{"start":{"line":171,"column":62},"end":{"line":171,"column":67}}],"line":171}},"s":{"0":0,"1":0,"2":0,"3":0,"4":0,"5":0,"6":0,"7":0,"8":0,"9":0,"10":0,"11":0,"12":0,"13":0,"14":0,"15":0,"16":0,"17":0,"18":0,"19":0,"20":0,"21":0,"22":0,"23":0,"24":0,"25":0,"26":0,"27":0,"28":0,"29":0,"30":0,"31":0,"32":0,"33":0,"34":0,"35":0,"36":0,"37":0,"38":0,"39":0,"40":0,"41":0,"42":0,"43":0,"44":0,"45":0,"46":0,"47":0,"48":0,"49":0,"50":0,"51":0,"52":0,"53":0,"54":0,"55":0,"56":0,"57":0,"58":0,"59":0,"60":0,"61":0,"62":0,"63":0,"64":0,"65":0,"66":0,"67":0},"f":{"0":0,"1":0,"2":0,"3":0,"4":0,"5":0,"6":0,"7":0,"8":0,"9":0,"10":0,"11":0,"12":0,"13":0,"14":0,"15":0,"16":0,"17":0,"18":0,"19":0,"20":0},"b":{"0":[0,0],"1":[0,0],"2":[0,0],"3":[0,0],"4":[0,0],"5":[0,0],"6":[0,0]},"hash":"03d275976fd427902000aab65d66126b8900b4aa"}
,"C:\\FullStackMoocCourse\\Osa5\\bloglist-frontend\\src\\index.js": {"path":"C:\\FullStackMoocCourse\\Osa5\\bloglist-frontend\\src\\index.js","statementMap":{"0":{"start":{"line":5,"column":0},"end":{"line":5,"column":57}}},"fnMap":{},"branchMap":{},"s":{"0":0},"f":{},"b":{},"hash":"80f551e414f83a091212370ded1962e264a861d3"}
,"C:\\FullStackMoocCourse\\Osa5\\bloglist-frontend\\src\\components\\Blog.js": {"path":"C:\\FullStackMoocCourse\\Osa5\\bloglist-frontend\\src\\components\\Blog.js","statementMap":{"0":{"start":{"line":3,"column":13},"end":{"line":35,"column":1}},"1":{"start":{"line":4,"column":20},"end":{"line":12,"column":3}},"2":{"start":{"line":13,"column":32},"end":{"line":13,"column":47}},"3":{"start":{"line":14,"column":34},"end":{"line":14,"column":49}},"4":{"start":{"line":15,"column":26},"end":{"line":15,"column":60}},"5":{"start":{"line":17,"column":27},"end":{"line":19,"column":3}},"6":{"start":{"line":18,"column":4},"end":{"line":18,"column":24}},"7":{"start":{"line":22,"column":2},"end":{"line":34,"column":3}},"8":{"start":{"line":28,"column":55},"end":{"line":28,"column":76}}},"fnMap":{"0":{"name":"(anonymous_0)","decl":{"start":{"line":3,"column":13},"end":{"line":3,"column":14}},"loc":{"start":{"line":3,"column":59},"end":{"line":35,"column":1}},"line":3},"1":{"name":"(anonymous_1)","decl":{"start":{"line":17,"column":27},"end":{"line":17,"column":28}},"loc":{"start":{"line":17,"column":33},"end":{"line":19,"column":3}},"line":17},"2":{"name":"(anonymous_2)","decl":{"start":{"line":28,"column":49},"end":{"line":28,"column":50}},"loc":{"start":{"line":28,"column":55},"end":{"line":28,"column":76}},"line":28}},"branchMap":{"0":{"loc":{"start":{"line":15,"column":37},"end":{"line":15,"column":58}},"type":"cond-expr","locations":[{"start":{"line":15,"column":47},"end":{"line":15,"column":49}},{"start":{"line":15,"column":52},"end":{"line":15,"column":58}}],"line":15}},"s":{"0":1,"1":3,"2":3,"3":3,"4":3,"5":3,"6":1,"7":3,"8":0},"f":{"0":3,"1":1,"2":0},"b":{"0":[1,2]},"_coverageSchema":"43e27e138ebf9cfc5966b082cf9a028302ed4184","hash":"35f929848d4163b6b831f6def6a1028c320b9b4f"}
,"C:\\FullStackMoocCourse\\Osa5\\bloglist-frontend\\src\\components\\BlogForm.js": {"path":"C:\\FullStackMoocCourse\\Osa5\\bloglist-frontend\\src\\components\\BlogForm.js","statementMap":{"0":{"start":{"line":5,"column":17},"end":{"line":51,"column":1}},"1":{"start":{"line":6,"column":38},"end":{"line":6,"column":50}},"2":{"start":{"line":7,"column":36},"end":{"line":7,"column":48}},"3":{"start":{"line":8,"column":32},"end":{"line":8,"column":44}},"4":{"start":{"line":11,"column":31},"end":{"line":13,"column":5}},"5":{"start":{"line":12,"column":8},"end":{"line":12,"column":40}},"6":{"start":{"line":14,"column":28},"end":{"line":16,"column":5}},"7":{"start":{"line":15,"column":8},"end":{"line":15,"column":37}},"8":{"start":{"line":17,"column":30},"end":{"line":19,"column":5}},"9":{"start":{"line":18,"column":8},"end":{"line":18,"column":39}},"10":{"start":{"line":22,"column":20},"end":{"line":32,"column":5}},"11":{"start":{"line":23,"column":8},"end":{"line":23,"column":30}},"12":{"start":{"line":24,"column":8},"end":{"line":28,"column":10}},"13":{"start":{"line":29,"column":8},"end":{"line":29,"column":24}},"14":{"start":{"line":30,"column":8},"end":{"line":30,"column":23}},"15":{"start":{"line":31,"column":8},"end":{"line":31,"column":21}},"16":{"start":{"line":34,"column":4},"end":{"line":50,"column":5}}},"fnMap":{"0":{"name":"(anonymous_0)","decl":{"start":{"line":5,"column":17},"end":{"line":5,"column":18}},"loc":{"start":{"line":5,"column":37},"end":{"line":51,"column":1}},"line":5},"1":{"name":"(anonymous_1)","decl":{"start":{"line":11,"column":31},"end":{"line":11,"column":32}},"loc":{"start":{"line":11,"column":42},"end":{"line":13,"column":5}},"line":11},"2":{"name":"(anonymous_2)","decl":{"start":{"line":14,"column":28},"end":{"line":14,"column":29}},"loc":{"start":{"line":14,"column":39},"end":{"line":16,"column":5}},"line":14},"3":{"name":"(anonymous_3)","decl":{"start":{"line":17,"column":30},"end":{"line":17,"column":31}},"loc":{"start":{"line":17,"column":41},"end":{"line":19,"column":5}},"line":17},"4":{"name":"(anonymous_4)","decl":{"start":{"line":22,"column":20},"end":{"line":22,"column":21}},"loc":{"start":{"line":22,"column":31},"end":{"line":32,"column":5}},"line":22}},"branchMap":{},"s":{"0":1,"1":3,"2":3,"3":3,"4":3,"5":0,"6":3,"7":0,"8":3,"9":1,"10":3,"11":1,"12":1,"13":1,"14":1,"15":1,"16":3},"f":{"0":3,"1":0,"2":0,"3":1,"4":1},"b":{},"_coverageSchema":"43e27e138ebf9cfc5966b082cf9a028302ed4184","hash":"b02f1f04d500bc9823e725ec0a287dd39a67bbf1"}
,"C:\\FullStackMoocCourse\\Osa5\\bloglist-frontend\\src\\components\\Footer.js": {"path":"C:\\FullStackMoocCourse\\Osa5\\bloglist-frontend\\src\\components\\Footer.js","statementMap":{"0":{"start":{"line":3,"column":15},"end":{"line":16,"column":1}},"1":{"start":{"line":4,"column":24},"end":{"line":8,"column":5}},"2":{"start":{"line":10,"column":4},"end":{"line":15,"column":5}}},"fnMap":{"0":{"name":"(anonymous_0)","decl":{"start":{"line":3,"column":15},"end":{"line":3,"column":16}},"loc":{"start":{"line":3,"column":21},"end":{"line":16,"column":1}},"line":3}},"branchMap":{},"s":{"0":0,"1":0,"2":0},"f":{"0":0},"b":{},"hash":"80a1cd05c49a538b13446557d0726f517e0a8835"}
,"C:\\FullStackMoocCourse\\Osa5\\bloglist-frontend\\src\\components\\Login.js": {"path":"C:\\FullStackMoocCourse\\Osa5\\bloglist-frontend\\src\\components\\Login.js","statementMap":{"0":{"start":{"line":5,"column":18},"end":{"line":41,"column":1}},"1":{"start":{"line":8,"column":36},"end":{"line":8,"column":48}},"2":{"start":{"line":9,"column":36},"end":{"line":9,"column":48}},"3":{"start":{"line":11,"column":33},"end":{"line":11,"column":75}},"4":{"start":{"line":11,"column":44},"end":{"line":11,"column":75}},"5":{"start":{"line":12,"column":33},"end":{"line":12,"column":75}},"6":{"start":{"line":12,"column":44},"end":{"line":12,"column":75}},"7":{"start":{"line":15,"column":24},"end":{"line":20,"column":5}},"8":{"start":{"line":16,"column":8},"end":{"line":16,"column":30}},"9":{"start":{"line":17,"column":8},"end":{"line":17,"column":39}},"10":{"start":{"line":18,"column":8},"end":{"line":18,"column":23}},"11":{"start":{"line":19,"column":8},"end":{"line":19,"column":23}},"12":{"start":{"line":22,"column":4},"end":{"line":40,"column":5}}},"fnMap":{"0":{"name":"(anonymous_0)","decl":{"start":{"line":5,"column":18},"end":{"line":5,"column":19}},"loc":{"start":{"line":7,"column":6},"end":{"line":41,"column":1}},"line":7},"1":{"name":"(anonymous_1)","decl":{"start":{"line":11,"column":33},"end":{"line":11,"column":34}},"loc":{"start":{"line":11,"column":44},"end":{"line":11,"column":75}},"line":11},"2":{"name":"(anonymous_2)","decl":{"start":{"line":12,"column":33},"end":{"line":12,"column":34}},"loc":{"start":{"line":12,"column":44},"end":{"line":12,"column":75}},"line":12},"3":{"name":"(anonymous_3)","decl":{"start":{"line":15,"column":24},"end":{"line":15,"column":25}},"loc":{"start":{"line":15,"column":41},"end":{"line":20,"column":5}},"line":15}},"branchMap":{},"s":{"0":0,"1":0,"2":0,"3":0,"4":0,"5":0,"6":0,"7":0,"8":0,"9":0,"10":0,"11":0,"12":0},"f":{"0":0,"1":0,"2":0,"3":0},"b":{},"hash":"8ca31ba33953c97a8e0a3c381e79cc9e67341294"}
,"C:\\FullStackMoocCourse\\Osa5\\bloglist-frontend\\src\\components\\Logout.js": {"path":"C:\\FullStackMoocCourse\\Osa5\\bloglist-frontend\\src\\components\\Logout.js","statementMap":{"0":{"start":{"line":6,"column":15},"end":{"line":22,"column":1}},"1":{"start":{"line":7,"column":4},"end":{"line":9,"column":5}},"2":{"start":{"line":8,"column":8},"end":{"line":8,"column":19}},"3":{"start":{"line":11,"column":20},"end":{"line":15,"column":5}},"4":{"start":{"line":12,"column":8},"end":{"line":12,"column":59}},"5":{"start":{"line":13,"column":8},"end":{"line":13,"column":34}},"6":{"start":{"line":14,"column":8},"end":{"line":14,"column":21}},"7":{"start":{"line":17,"column":4},"end":{"line":21,"column":5}}},"fnMap":{"0":{"name":"(anonymous_0)","decl":{"start":{"line":6,"column":15},"end":{"line":6,"column":16}},"loc":{"start":{"line":6,"column":38},"end":{"line":22,"column":1}},"line":6},"1":{"name":"(anonymous_1)","decl":{"start":{"line":11,"column":20},"end":{"line":11,"column":21}},"loc":{"start":{"line":11,"column":26},"end":{"line":15,"column":5}},"line":11}},"branchMap":{"0":{"loc":{"start":{"line":7,"column":4},"end":{"line":9,"column":5}},"type":"if","locations":[{"start":{"line":7,"column":4},"end":{"line":9,"column":5}},{"start":{"line":7,"column":4},"end":{"line":9,"column":5}}],"line":7}},"s":{"0":0,"1":0,"2":0,"3":0,"4":0,"5":0,"6":0,"7":0},"f":{"0":0,"1":0},"b":{"0":[0,0]},"hash":"e7deb197528f18886eed2af3e3162ab0dadb2299"}
,"C:\\FullStackMoocCourse\\Osa5\\bloglist-frontend\\src\\components\\Notification.js": {"path":"C:\\FullStackMoocCourse\\Osa5\\bloglist-frontend\\src\\components\\Notification.js","statementMap":{"0":{"start":{"line":3,"column":15},"end":{"line":5,"column":1}},"1":{"start":{"line":7,"column":17},"end":{"line":9,"column":1}},"2":{"start":{"line":11,"column":21},"end":{"line":27,"column":1}},"3":{"start":{"line":12,"column":4},"end":{"line":14,"column":5}},"4":{"start":{"line":13,"column":8},"end":{"line":13,"column":19}},"5":{"start":{"line":18,"column":4},"end":{"line":20,"column":5}},"6":{"start":{"line":19,"column":8},"end":{"line":19,"column":29}},"7":{"start":{"line":22,"column":4},"end":{"line":26,"column":5}}},"fnMap":{"0":{"name":"(anonymous_0)","decl":{"start":{"line":11,"column":21},"end":{"line":11,"column":22}},"loc":{"start":{"line":11,"column":38},"end":{"line":27,"column":1}},"line":11}},"branchMap":{"0":{"loc":{"start":{"line":12,"column":4},"end":{"line":14,"column":5}},"type":"if","locations":[{"start":{"line":12,"column":4},"end":{"line":14,"column":5}},{"start":{"line":12,"column":4},"end":{"line":14,"column":5}}],"line":12},"1":{"loc":{"start":{"line":18,"column":4},"end":{"line":20,"column":5}},"type":"if","locations":[{"start":{"line":18,"column":4},"end":{"line":20,"column":5}},{"start":{"line":18,"column":4},"end":{"line":20,"column":5}}],"line":18}},"s":{"0":0,"1":0,"2":0,"3":0,"4":0,"5":0,"6":0,"7":0},"f":{"0":0},"b":{"0":[0,0],"1":[0,0]},"hash":"72d588f81f95fc26474f4577c68de2b79a9ae577"}
,"C:\\FullStackMoocCourse\\Osa5\\bloglist-frontend\\src\\components\\Togglable.js": {"path":"C:\\FullStackMoocCourse\\Osa5\\bloglist-frontend\\src\\components\\Togglable.js","statementMap":{"0":{"start":{"line":4,"column":18},"end":{"line":31,"column":2}},"1":{"start":{"line":5,"column":34},"end":{"line":5,"column":49}},"2":{"start":{"line":7,"column":28},"end":{"line":7,"column":62}},"3":{"start":{"line":8,"column":28},"end":{"line":8,"column":62}},"4":{"start":{"line":10,"column":29},"end":{"line":12,"column":5}},"5":{"start":{"line":11,"column":8},"end":{"line":11,"column":28}},"6":{"start":{"line":14,"column":4},"end":{"line":18,"column":6}},"7":{"start":{"line":15,"column":8},"end":{"line":17,"column":9}},"8":{"start":{"line":20,"column":4},"end":{"line":30,"column":5}},"9":{"start":{"line":32,"column":0},"end":{"line":34,"column":1}},"10":{"start":{"line":35,"column":0},"end":{"line":35,"column":35}}},"fnMap":{"0":{"name":"(anonymous_0)","decl":{"start":{"line":4,"column":35},"end":{"line":4,"column":36}},"loc":{"start":{"line":4,"column":51},"end":{"line":31,"column":1}},"line":4},"1":{"name":"(anonymous_1)","decl":{"start":{"line":10,"column":29},"end":{"line":10,"column":30}},"loc":{"start":{"line":10,"column":35},"end":{"line":12,"column":5}},"line":10},"2":{"name":"(anonymous_2)","decl":{"start":{"line":14,"column":29},"end":{"line":14,"column":30}},"loc":{"start":{"line":14,"column":35},"end":{"line":18,"column":5}},"line":14}},"branchMap":{"0":{"loc":{"start":{"line":7,"column":39},"end":{"line":7,"column":60}},"type":"cond-expr","locations":[{"start":{"line":7,"column":49},"end":{"line":7,"column":55}},{"start":{"line":7,"column":58},"end":{"line":7,"column":60}}],"line":7},"1":{"loc":{"start":{"line":8,"column":39},"end":{"line":8,"column":60}},"type":"cond-expr","locations":[{"start":{"line":8,"column":49},"end":{"line":8,"column":51}},{"start":{"line":8,"column":54},"end":{"line":8,"column":60}}],"line":8}},"s":{"0":1,"1":7,"2":7,"3":7,"4":7,"5":3,"6":7,"7":0,"8":7,"9":1,"10":1},"f":{"0":7,"1":3,"2":0},"b":{"0":[2,5],"1":[2,5]},"_coverageSchema":"43e27e138ebf9cfc5966b082cf9a028302ed4184","hash":"c86c2df95eac2168b33ce1fdbef22d6792f76462"}
,"C:\\FullStackMoocCourse\\Osa5\\bloglist-frontend\\src\\services\\blogs.js": {"path":"C:\\FullStackMoocCourse\\Osa5\\bloglist-frontend\\src\\services\\blogs.js","statementMap":{"0":{"start":{"line":2,"column":16},"end":{"line":2,"column":28}},"1":{"start":{"line":4,"column":12},"end":{"line":4,"column":16}},"2":{"start":{"line":6,"column":17},"end":{"line":8,"column":1}},"3":{"start":{"line":7,"column":4},"end":{"line":7,"column":32}},"4":{"start":{"line":10,"column":15},"end":{"line":13,"column":1}},"5":{"start":{"line":11,"column":20},"end":{"line":11,"column":44}},"6":{"start":{"line":12,"column":4},"end":{"line":12,"column":23}},"7":{"start":{"line":15,"column":15},"end":{"line":22,"column":1}},"8":{"start":{"line":16,"column":19},"end":{"line":18,"column":5}},"9":{"start":{"line":20,"column":21},"end":{"line":20,"column":65}},"10":{"start":{"line":21,"column":4},"end":{"line":21,"column":24}},"11":{"start":{"line":24,"column":15},"end":{"line":27,"column":1}},"12":{"start":{"line":25,"column":20},"end":{"line":25,"column":60}},"13":{"start":{"line":26,"column":4},"end":{"line":26,"column":50}},"14":{"start":{"line":26,"column":36},"end":{"line":26,"column":49}},"15":{"start":{"line":29,"column":15},"end":{"line":35,"column":1}},"16":{"start":{"line":30,"column":19},"end":{"line":32,"column":5}},"17":{"start":{"line":33,"column":20},"end":{"line":33,"column":66}},"18":{"start":{"line":34,"column":4},"end":{"line":34,"column":23}}},"fnMap":{"0":{"name":"(anonymous_0)","decl":{"start":{"line":6,"column":17},"end":{"line":6,"column":18}},"loc":{"start":{"line":6,"column":29},"end":{"line":8,"column":1}},"line":6},"1":{"name":"(anonymous_1)","decl":{"start":{"line":10,"column":15},"end":{"line":10,"column":16}},"loc":{"start":{"line":10,"column":27},"end":{"line":13,"column":1}},"line":10},"2":{"name":"(anonymous_2)","decl":{"start":{"line":15,"column":15},"end":{"line":15,"column":16}},"loc":{"start":{"line":15,"column":34},"end":{"line":22,"column":1}},"line":15},"3":{"name":"(anonymous_3)","decl":{"start":{"line":24,"column":15},"end":{"line":24,"column":16}},"loc":{"start":{"line":24,"column":34},"end":{"line":27,"column":1}},"line":24},"4":{"name":"(anonymous_4)","decl":{"start":{"line":26,"column":24},"end":{"line":26,"column":25}},"loc":{"start":{"line":26,"column":36},"end":{"line":26,"column":49}},"line":26},"5":{"name":"(anonymous_5)","decl":{"start":{"line":29,"column":15},"end":{"line":29,"column":16}},"loc":{"start":{"line":29,"column":27},"end":{"line":35,"column":1}},"line":29}},"branchMap":{},"s":{"0":0,"1":0,"2":0,"3":0,"4":0,"5":0,"6":0,"7":0,"8":0,"9":0,"10":0,"11":0,"12":0,"13":0,"14":0,"15":0,"16":0,"17":0,"18":0},"f":{"0":0,"1":0,"2":0,"3":0,"4":0,"5":0},"b":{},"hash":"c556941dacd2aba7849eee70577ce285dda63e06"}
,"C:\\FullStackMoocCourse\\Osa5\\bloglist-frontend\\src\\services\\login.js": {"path":"C:\\FullStackMoocCourse\\Osa5\\bloglist-frontend\\src\\services\\login.js","statementMap":{"0":{"start":{"line":2,"column":16},"end":{"line":2,"column":28}},"1":{"start":{"line":4,"column":14},"end":{"line":7,"column":1}},"2":{"start":{"line":5,"column":21},"end":{"line":5,"column":59}},"3":{"start":{"line":6,"column":4},"end":{"line":6,"column":24}}},"fnMap":{"0":{"name":"(anonymous_0)","decl":{"start":{"line":4,"column":14},"end":{"line":4,"column":15}},"loc":{"start":{"line":4,"column":35},"end":{"line":7,"column":1}},"line":4}},"branchMap":{},"s":{"0":0,"1":0,"2":0,"3":0},"f":{"0":0},"b":{},"hash":"dd5622d4d5a3af05aacb83e4222bd4c918eec547"}
}
